2015-09-12 10:02:09,518 INFO  [main] Application: Starting Application on bigezhangdeAir.lan with PID 1241 (/Users/bigezhang/wxsandbox/sandbox/target/classes started by bigezhang in /Users/bigezhang/wxsandbox/sandbox)
2015-09-12 10:02:09,521 DEBUG [main] Application: Running with Spring Boot v1.2.5.RELEASE, Spring v4.1.7.RELEASE
2015-09-12 10:02:13,144 DEBUG [main] logging: Logging Provider: org.jboss.logging.Slf4jLoggerProvider
2015-09-12 10:02:13,421 DEBUG [main] AsyncConfiguration: Creating Async Task Executor
2015-09-12 10:02:14,381 DEBUG [main] MetricsConfiguration: Registering JVM gauges
2015-09-12 10:02:14,502 INFO  [main] MetricsConfiguration: Initializing Metrics JMX reporting
2015-09-12 10:02:16,050 INFO  [localhost-startStop-1] Application: Running with Spring profile(s) : [dev]
2015-09-12 10:02:18,162 DEBUG [localhost-startStop-1] DatabaseConfiguration: Configuring Datasource
2015-09-12 10:02:20,091 DEBUG [localhost-startStop-1] DatabaseConfiguration: Configuring Liquibase
2015-09-12 10:02:25,692 WARN  [localhost-startStop-1] AbstractEhcacheRegionFactory: HHH020003: Could not find a specific ehcache configuration for cache named [com.irengine.sandbox.domain.Supplier]; using defaults.
2015-09-12 10:02:25,824 WARN  [localhost-startStop-1] AbstractEhcacheRegionFactory: HHH020003: Could not find a specific ehcache configuration for cache named [com.irengine.sandbox.domain.SupplierActivity]; using defaults.
2015-09-12 10:02:25,842 WARN  [localhost-startStop-1] AbstractEhcacheRegionFactory: HHH020003: Could not find a specific ehcache configuration for cache named [com.irengine.sandbox.domain.Book]; using defaults.
2015-09-12 10:02:25,855 WARN  [localhost-startStop-1] AbstractEhcacheRegionFactory: HHH020003: Could not find a specific ehcache configuration for cache named [com.irengine.sandbox.domain.WCUser]; using defaults.
2015-09-12 10:02:25,868 WARN  [localhost-startStop-1] AbstractEhcacheRegionFactory: HHH020003: Could not find a specific ehcache configuration for cache named [com.irengine.sandbox.domain.Activity]; using defaults.
2015-09-12 10:02:25,881 WARN  [localhost-startStop-1] AbstractEhcacheRegionFactory: HHH020003: Could not find a specific ehcache configuration for cache named [com.irengine.sandbox.domain.Coupon]; using defaults.
2015-09-12 10:02:25,894 WARN  [localhost-startStop-1] AbstractEhcacheRegionFactory: HHH020003: Could not find a specific ehcache configuration for cache named [com.irengine.sandbox.domain.Author]; using defaults.
2015-09-12 10:02:25,905 WARN  [localhost-startStop-1] AbstractEhcacheRegionFactory: HHH020003: Could not find a specific ehcache configuration for cache named [com.irengine.sandbox.domain.Order]; using defaults.
2015-09-12 10:02:25,919 WARN  [localhost-startStop-1] AbstractEhcacheRegionFactory: HHH020003: Could not find a specific ehcache configuration for cache named [com.irengine.sandbox.domain.NCoupon]; using defaults.
2015-09-12 10:02:25,930 WARN  [localhost-startStop-1] AbstractEhcacheRegionFactory: HHH020003: Could not find a specific ehcache configuration for cache named [com.irengine.sandbox.domain.OutNewsMessageItem]; using defaults.
2015-09-12 10:02:25,937 WARN  [localhost-startStop-1] AbstractEhcacheRegionFactory: HHH020003: Could not find a specific ehcache configuration for cache named [com.irengine.sandbox.domain.OutMessage]; using defaults.
2015-09-12 10:02:25,952 WARN  [localhost-startStop-1] AbstractEhcacheRegionFactory: HHH020003: Could not find a specific ehcache configuration for cache named [com.irengine.sandbox.domain.CouponBatch]; using defaults.
2015-09-12 10:02:25,969 WARN  [localhost-startStop-1] AbstractEhcacheRegionFactory: HHH020003: Could not find a specific ehcache configuration for cache named [com.irengine.sandbox.domain.UserInfo]; using defaults.
2015-09-12 10:02:25,979 WARN  [localhost-startStop-1] AbstractEhcacheRegionFactory: HHH020003: Could not find a specific ehcache configuration for cache named [com.irengine.sandbox.domain.CUser]; using defaults.
2015-09-12 10:02:25,989 WARN  [localhost-startStop-1] AbstractEhcacheRegionFactory: HHH020003: Could not find a specific ehcache configuration for cache named [com.irengine.sandbox.domain.OutNewsMessage]; using defaults.
2015-09-12 10:02:26,077 WARN  [localhost-startStop-1] AbstractEhcacheRegionFactory: HHH020003: Could not find a specific ehcache configuration for cache named [com.irengine.sandbox.domain.Activity.wcUserss]; using defaults.
2015-09-12 10:02:26,470 WARN  [localhost-startStop-1] AbstractEhcacheRegionFactory: HHH020003: Could not find a specific ehcache configuration for cache named [com.irengine.sandbox.domain.OutMessage.wcUserss]; using defaults.
2015-09-12 10:02:26,475 WARN  [localhost-startStop-1] AbstractEhcacheRegionFactory: HHH020003: Could not find a specific ehcache configuration for cache named [com.irengine.sandbox.domain.OutNewsMessage.outNewsMessageItems]; using defaults.
2015-09-12 10:02:26,482 WARN  [localhost-startStop-1] AbstractEhcacheRegionFactory: HHH020003: Could not find a specific ehcache configuration for cache named [com.irengine.sandbox.domain.Author.books]; using defaults.
2015-09-12 10:02:26,490 WARN  [localhost-startStop-1] AbstractEhcacheRegionFactory: HHH020003: Could not find a specific ehcache configuration for cache named [com.irengine.sandbox.domain.CUser.coupons]; using defaults.
2015-09-12 10:02:26,496 WARN  [localhost-startStop-1] AbstractEhcacheRegionFactory: HHH020003: Could not find a specific ehcache configuration for cache named [com.irengine.sandbox.domain.OutNewsMessageItem.userInfos]; using defaults.
2015-09-12 10:02:28,070 DEBUG [localhost-startStop-1] MailConfiguration: Configuring mail server
2015-09-12 10:02:29,710 INFO  [localhost-startStop-1] WebConfigurer: Web application configuration, using profiles: [dev]
2015-09-12 10:02:29,711 DEBUG [localhost-startStop-1] WebConfigurer: Initializing Metrics registries
2015-09-12 10:02:29,725 DEBUG [localhost-startStop-1] WebConfigurer: Registering Metrics Filter
2015-09-12 10:02:29,730 DEBUG [localhost-startStop-1] WebConfigurer: Registering Metrics Servlet
2015-09-12 10:02:29,733 DEBUG [localhost-startStop-1] WebConfigurer: Initialize H2 console
2015-09-12 10:02:29,735 INFO  [localhost-startStop-1] WebConfigurer: Web application fully configured
2015-09-12 10:02:30,684 INFO  [main] ThymeleafConfiguration: loading non-reloadable mail messages resources
2015-09-12 10:02:32,891 DEBUG [main] SwaggerConfiguration: Starting Swagger
2015-09-12 10:02:32,920 DEBUG [main] SwaggerConfiguration: Started Swagger in 20 ms
2015-09-12 10:02:32,929 DEBUG [main] CacheConfiguration: Starting Ehcache
2015-09-12 10:02:32,935 DEBUG [main] CacheConfiguration: Registering Ehcache Metrics gauges
2015-09-12 10:02:33,119 DEBUG [main] LoggingAspect: Enter: com.irengine.sandbox.repository.CustomAuditEventRepository.auditEventRepository() with argument[s] = []
2015-09-12 10:02:33,127 DEBUG [main] LoggingAspect: Exit: com.irengine.sandbox.repository.CustomAuditEventRepository.auditEventRepository() with result = com.irengine.sandbox.repository.CustomAuditEventRepository$1@5273143e
2015-09-12 10:02:37,007 INFO  [main] Application: Started Application in 28.076 seconds (JVM running for 29.186)
2015-09-12 10:02:37,007 INFO  [main] Application: Access URLs:
----------------------------------------------------------
	Local: 		http://127.0.0.1:8080
	External: 	http://192.168.199.225:8080
----------------------------------------------------------
2015-09-12 10:05:49,331 DEBUG [http-nio-8080-exec-5] LoggingAspect: Enter: org.springframework.boot.actuate.audit.AuditEventRepository.add() with argument[s] = [AuditEvent [timestamp=Sat Sep 12 10:05:49 CST 2015, principal=anonymousUser, type=AUTHORIZATION_FAILURE, data={type=org.springframework.security.access.AccessDeniedException, message=不允许访问}]]
2015-09-12 10:05:49,493 DEBUG [http-nio-8080-exec-5] LoggingAspect: Exit: org.springframework.boot.actuate.audit.AuditEventRepository.add() with result = null
2015-09-12 10:05:49,519 DEBUG [http-nio-8080-exec-5] Http401UnauthorizedEntryPoint: Pre-authenticated entry point called. Rejecting access
2015-09-12 10:05:54,940 DEBUG [http-nio-8080-exec-8] LoggingAspect: Enter: com.irengine.sandbox.web.rest.UserXAuthTokenController.authorize() with argument[s] = [admin, admin]
2015-09-12 10:05:54,953 DEBUG [http-nio-8080-exec-8] UserDetailsService: Authenticating admin
2015-09-12 10:05:55,238 DEBUG [http-nio-8080-exec-8] LoggingAspect: Enter: org.springframework.boot.actuate.audit.AuditEventRepository.add() with argument[s] = [AuditEvent [timestamp=Sat Sep 12 10:05:55 CST 2015, principal=admin, type=AUTHENTICATION_SUCCESS, data={}]]
2015-09-12 10:05:55,241 DEBUG [http-nio-8080-exec-8] LoggingAspect: Exit: org.springframework.boot.actuate.audit.AuditEventRepository.add() with result = null
2015-09-12 10:05:55,243 DEBUG [http-nio-8080-exec-8] UserDetailsService: Authenticating admin
2015-09-12 10:05:55,250 DEBUG [http-nio-8080-exec-8] LoggingAspect: Exit: com.irengine.sandbox.web.rest.UserXAuthTokenController.authorize() with result = com.irengine.sandbox.security.xauth.Token@6dd9b18f
2015-09-12 10:05:55,298 DEBUG [http-nio-8080-exec-1] UserDetailsService: Authenticating admin
2015-09-12 10:05:55,303 DEBUG [http-nio-8080-exec-1] LoggingAspect: Enter: com.irengine.sandbox.web.rest.AccountResource.getAccount() with argument[s] = []
2015-09-12 10:05:55,335 DEBUG [http-nio-8080-exec-1] LoggingAspect: Enter: com.irengine.sandbox.service.UserService.getUserWithAuthorities() with argument[s] = []
2015-09-12 10:05:55,351 DEBUG [http-nio-8080-exec-1] LoggingAspect: Exit: com.irengine.sandbox.service.UserService.getUserWithAuthorities() with result = User{login='admin', password='$2a$10$gSAhZrxMllrbgj/kkK9UceBPpChGWJA7SYIb1Mqo.n5aNLq1/oRrC', firstName='Administrator', lastName='Administrator', email='admin@localhost', activated='true', langKey='en', activationKey='null'}
2015-09-12 10:05:55,354 DEBUG [http-nio-8080-exec-1] LoggingAspect: Exit: com.irengine.sandbox.web.rest.AccountResource.getAccount() with result = <200 OK,UserDTO{login='admin', password='null', firstName='Administrator', lastName='Administrator', email='admin@localhost', langKey='en', roles=[ROLE_USER, ROLE_ADMIN]},{}>
2015-09-12 10:11:48,219 DEBUG [http-nio-8080-exec-8] UserDetailsService: Authenticating admin
2015-09-12 10:11:48,219 DEBUG [http-nio-8080-exec-2] UserDetailsService: Authenticating admin
2015-09-12 10:11:48,256 DEBUG [http-nio-8080-exec-8] LoggingAspect: Enter: com.irengine.sandbox.web.rest.NCouponResource.getAll() with argument[s] = [1, 20]
2015-09-12 10:11:48,333 DEBUG [http-nio-8080-exec-2] LoggingAspect: Enter: com.irengine.sandbox.web.rest.CouponBatchResource.getAll() with argument[s] = [null, null]
2015-09-12 10:11:48,382 DEBUG [http-nio-8080-exec-8] LoggingAspect: Exit: com.irengine.sandbox.web.rest.NCouponResource.getAll() with result = <200 OK,[],{X-Total-Count=[0], Link=[</api/nCoupons?page=0&per_page=20>; rel="last",</api/nCoupons?page=1&per_page=20>; rel="first"]}>
2015-09-12 10:11:48,438 DEBUG [http-nio-8080-exec-1] UserDetailsService: Authenticating admin
2015-09-12 10:11:48,446 DEBUG [http-nio-8080-exec-1] LoggingAspect: Enter: com.irengine.sandbox.web.rest.NCouponResource.query() with argument[s] = [{cacheBuster=1442023908433, filter={}, page=1, per_page=20}]
2015-09-12 10:11:48,446 DEBUG [http-nio-8080-exec-1] NCouponResource: request with pagination
2015-09-12 10:11:48,458 DEBUG [http-nio-8080-exec-2] LoggingAspect: Exit: com.irengine.sandbox.web.rest.CouponBatchResource.getAll() with result = <200 OK,[CouponBatch{id=1, code='201501', size='5', quantity='100', beginDate='2015-08-12T20:55:00.000+08:00', endDate='2015-08-12T20:55:00.000+08:00', enabled='true', isGenerated='false'}, CouponBatch{id=2, code='201502', size='2', quantity='100', beginDate='2015-08-12T20:55:00.000+08:00', endDate='2015-08-12T20:55:00.000+08:00', enabled='true', isGenerated='false'}, CouponBatch{id=3, code='201503', size='3', quantity='100', beginDate='2015-08-12T20:55:00.000+08:00', endDate='2015-08-12T20:55:00.000+08:00', enabled='true', isGenerated='false'}, CouponBatch{id=4, code='201504', size='4', quantity='100', beginDate='2015-08-12T20:55:00.000+08:00', endDate='2015-08-12T20:55:00.000+08:00', enabled='true', isGenerated='false'}, CouponBatch{id=5, code='201505', size='8', quantity='100', beginDate='2015-08-12T20:55:00.000+08:00', endDate='2015-08-12T20:55:00.000+08:00', enabled='true', isGenerated='false'}, CouponBatch{id=6, code='201506', size='2', quantity='100', beginDate='2015-08-12T20:55:00.000+08:00', endDate='2015-08-12T20:55:00.000+08:00', enabled='true', isGenerated='false'}, CouponBatch{id=7, code='201507', size='1', quantity='100', beginDate='2015-08-12T20:55:00.000+08:00', endDate='2015-08-12T20:55:00.000+08:00', enabled='true', isGenerated='false'}, CouponBatch{id=8, code='201508', size='5', quantity='100', beginDate='2015-08-12T20:55:00.000+08:00', endDate='2015-08-12T20:55:00.000+08:00', enabled='true', isGenerated='false'}, CouponBatch{id=9, code='201509', size='6', quantity='100', beginDate='2015-08-12T20:55:00.000+08:00', endDate='2015-08-12T20:55:00.000+08:00', enabled='true', isGenerated='false'}, CouponBatch{id=10, code='201510', size='5', quantity='100', beginDate='2015-08-12T20:55:00.000+08:00', endDate='2015-08-12T20:55:00.000+08:00', enabled='true', isGenerated='false'}],{X-Total-Count=[10], Link=[</api/couponBatchs?page=1&per_page=20>; rel="last",</api/couponBatchs?page=1&per_page=20>; rel="first"]}>
2015-09-12 10:11:48,489 DEBUG [http-nio-8080-exec-1] NCouponResource: {}
2015-09-12 10:11:48,490 DEBUG [http-nio-8080-exec-1] NCouponResource: request with filtering
2015-09-12 10:11:48,511 DEBUG [http-nio-8080-exec-1] LoggingAspect: Exit: com.irengine.sandbox.web.rest.NCouponResource.query() with result = <200 OK,Page 0 of 0 containing UNKNOWN instances,{}>
2015-09-12 10:11:49,738 DEBUG [http-nio-8080-exec-10] UserDetailsService: Authenticating admin
2015-09-12 10:11:49,746 DEBUG [http-nio-8080-exec-10] LoggingAspect: Enter: com.irengine.sandbox.web.rest.CouponBatchResource.getAll() with argument[s] = [null, null]
2015-09-12 10:11:49,758 DEBUG [http-nio-8080-exec-10] LoggingAspect: Exit: com.irengine.sandbox.web.rest.CouponBatchResource.getAll() with result = <200 OK,[CouponBatch{id=1, code='201501', size='5', quantity='100', beginDate='2015-08-12T20:55:00.000+08:00', endDate='2015-08-12T20:55:00.000+08:00', enabled='true', isGenerated='false'}, CouponBatch{id=2, code='201502', size='2', quantity='100', beginDate='2015-08-12T20:55:00.000+08:00', endDate='2015-08-12T20:55:00.000+08:00', enabled='true', isGenerated='false'}, CouponBatch{id=3, code='201503', size='3', quantity='100', beginDate='2015-08-12T20:55:00.000+08:00', endDate='2015-08-12T20:55:00.000+08:00', enabled='true', isGenerated='false'}, CouponBatch{id=4, code='201504', size='4', quantity='100', beginDate='2015-08-12T20:55:00.000+08:00', endDate='2015-08-12T20:55:00.000+08:00', enabled='true', isGenerated='false'}, CouponBatch{id=5, code='201505', size='8', quantity='100', beginDate='2015-08-12T20:55:00.000+08:00', endDate='2015-08-12T20:55:00.000+08:00', enabled='true', isGenerated='false'}, CouponBatch{id=6, code='201506', size='2', quantity='100', beginDate='2015-08-12T20:55:00.000+08:00', endDate='2015-08-12T20:55:00.000+08:00', enabled='true', isGenerated='false'}, CouponBatch{id=7, code='201507', size='1', quantity='100', beginDate='2015-08-12T20:55:00.000+08:00', endDate='2015-08-12T20:55:00.000+08:00', enabled='true', isGenerated='false'}, CouponBatch{id=8, code='201508', size='5', quantity='100', beginDate='2015-08-12T20:55:00.000+08:00', endDate='2015-08-12T20:55:00.000+08:00', enabled='true', isGenerated='false'}, CouponBatch{id=9, code='201509', size='6', quantity='100', beginDate='2015-08-12T20:55:00.000+08:00', endDate='2015-08-12T20:55:00.000+08:00', enabled='true', isGenerated='false'}, CouponBatch{id=10, code='201510', size='5', quantity='100', beginDate='2015-08-12T20:55:00.000+08:00', endDate='2015-08-12T20:55:00.000+08:00', enabled='true', isGenerated='false'}],{X-Total-Count=[10], Link=[</api/couponBatchs?page=1&per_page=20>; rel="last",</api/couponBatchs?page=1&per_page=20>; rel="first"]}>
2015-09-12 10:12:02,549 DEBUG [http-nio-8080-exec-4] UserDetailsService: Authenticating admin
2015-09-12 10:12:02,682 DEBUG [http-nio-8080-exec-4] LoggingAspect: Enter: com.irengine.sandbox.web.rest.NCouponResource.create() with argument[s] = [NCoupon{id=null, code='null', status='null', createdTime='null', modifedTime='null'}]
2015-09-12 10:12:02,682 DEBUG [http-nio-8080-exec-4] NCouponResource: REST request to save NCoupon : NCoupon{id=null, code='null', status='null', createdTime='null', modifedTime='null'}
2015-09-12 10:12:02,686 DEBUG [http-nio-8080-exec-4] NCouponResource: 批次号:201501.生成数量为100的提货码
2015-09-12 10:12:02,953 DEBUG [http-nio-8080-exec-4] LoggingAspect: Exit: com.irengine.sandbox.web.rest.NCouponResource.create() with result = <200 OK,{}>
2015-09-12 10:12:03,086 DEBUG [http-nio-8080-exec-9] UserDetailsService: Authenticating admin
2015-09-12 10:12:03,088 DEBUG [http-nio-8080-exec-7] UserDetailsService: Authenticating admin
2015-09-12 10:12:03,091 DEBUG [http-nio-8080-exec-9] LoggingAspect: Enter: com.irengine.sandbox.web.rest.CouponBatchResource.getAll() with argument[s] = [null, null]
2015-09-12 10:12:03,098 DEBUG [http-nio-8080-exec-7] LoggingAspect: Enter: com.irengine.sandbox.web.rest.NCouponResource.getAll() with argument[s] = [1, 20]
2015-09-12 10:12:03,103 DEBUG [http-nio-8080-exec-9] LoggingAspect: Exit: com.irengine.sandbox.web.rest.CouponBatchResource.getAll() with result = <200 OK,[CouponBatch{id=1, code='201501', size='5', quantity='100', beginDate='2015-08-12T20:55:00.000+08:00', endDate='2015-08-12T20:55:00.000+08:00', enabled='true', isGenerated='true'}, CouponBatch{id=2, code='201502', size='2', quantity='100', beginDate='2015-08-12T20:55:00.000+08:00', endDate='2015-08-12T20:55:00.000+08:00', enabled='true', isGenerated='false'}, CouponBatch{id=3, code='201503', size='3', quantity='100', beginDate='2015-08-12T20:55:00.000+08:00', endDate='2015-08-12T20:55:00.000+08:00', enabled='true', isGenerated='false'}, CouponBatch{id=4, code='201504', size='4', quantity='100', beginDate='2015-08-12T20:55:00.000+08:00', endDate='2015-08-12T20:55:00.000+08:00', enabled='true', isGenerated='false'}, CouponBatch{id=5, code='201505', size='8', quantity='100', beginDate='2015-08-12T20:55:00.000+08:00', endDate='2015-08-12T20:55:00.000+08:00', enabled='true', isGenerated='false'}, CouponBatch{id=6, code='201506', size='2', quantity='100', beginDate='2015-08-12T20:55:00.000+08:00', endDate='2015-08-12T20:55:00.000+08:00', enabled='true', isGenerated='false'}, CouponBatch{id=7, code='201507', size='1', quantity='100', beginDate='2015-08-12T20:55:00.000+08:00', endDate='2015-08-12T20:55:00.000+08:00', enabled='true', isGenerated='false'}, CouponBatch{id=8, code='201508', size='5', quantity='100', beginDate='2015-08-12T20:55:00.000+08:00', endDate='2015-08-12T20:55:00.000+08:00', enabled='true', isGenerated='false'}, CouponBatch{id=9, code='201509', size='6', quantity='100', beginDate='2015-08-12T20:55:00.000+08:00', endDate='2015-08-12T20:55:00.000+08:00', enabled='true', isGenerated='false'}, CouponBatch{id=10, code='201510', size='5', quantity='100', beginDate='2015-08-12T20:55:00.000+08:00', endDate='2015-08-12T20:55:00.000+08:00', enabled='true', isGenerated='false'}],{X-Total-Count=[10], Link=[</api/couponBatchs?page=1&per_page=20>; rel="last",</api/couponBatchs?page=1&per_page=20>; rel="first"]}>
2015-09-12 10:12:03,178 DEBUG [http-nio-8080-exec-7] LoggingAspect: Exit: com.irengine.sandbox.web.rest.NCouponResource.getAll() with result = <200 OK,[NCoupon{id=1, code='2015010050123421', status='UNUSED', createdTime='2015-09-12T10:12:02.690+08:00', modifedTime='2015-09-12T10:12:02.690+08:00'}, NCoupon{id=2, code='2015010050125241', status='UNUSED', createdTime='2015-09-12T10:12:02.690+08:00', modifedTime='2015-09-12T10:12:02.690+08:00'}, NCoupon{id=3, code='2015010050128171', status='UNUSED', createdTime='2015-09-12T10:12:02.690+08:00', modifedTime='2015-09-12T10:12:02.690+08:00'}, NCoupon{id=4, code='2015010050149471', status='UNUSED', createdTime='2015-09-12T10:12:02.690+08:00', modifedTime='2015-09-12T10:12:02.690+08:00'}, NCoupon{id=5, code='2015010050153801', status='UNUSED', createdTime='2015-09-12T10:12:02.690+08:00', modifedTime='2015-09-12T10:12:02.690+08:00'}, NCoupon{id=6, code='2015010050183981', status='UNUSED', createdTime='2015-09-12T10:12:02.690+08:00', modifedTime='2015-09-12T10:12:02.690+08:00'}, NCoupon{id=7, code='2015010050242051', status='UNUSED', createdTime='2015-09-12T10:12:02.690+08:00', modifedTime='2015-09-12T10:12:02.690+08:00'}, NCoupon{id=8, code='2015010050614041', status='UNUSED', createdTime='2015-09-12T10:12:02.690+08:00', modifedTime='2015-09-12T10:12:02.690+08:00'}, NCoupon{id=9, code='2015010050709761', status='UNUSED', createdTime='2015-09-12T10:12:02.690+08:00', modifedTime='2015-09-12T10:12:02.690+08:00'}, NCoupon{id=10, code='2015010050962781', status='UNUSED', createdTime='2015-09-12T10:12:02.690+08:00', modifedTime='2015-09-12T10:12:02.690+08:00'}, NCoupon{id=11, code='2015010051011211', status='UNUSED', createdTime='2015-09-12T10:12:02.690+08:00', modifedTime='2015-09-12T10:12:02.690+08:00'}, NCoupon{id=12, code='2015010051162501', status='UNUSED', createdTime='2015-09-12T10:12:02.690+08:00', modifedTime='2015-09-12T10:12:02.690+08:00'}, NCoupon{id=13, code='2015010051175621', status='UNUSED', createdTime='2015-09-12T10:12:02.690+08:00', modifedTime='2015-09-12T10:12:02.690+08:00'}, NCoupon{id=14, code='2015010051217891', status='UNUSED', createdTime='2015-09-12T10:12:02.690+08:00', modifedTime='2015-09-12T10:12:02.690+08:00'}, NCoupon{id=15, code='2015010051344991', status='UNUSED', createdTime='2015-09-12T10:12:02.690+08:00', modifedTime='2015-09-12T10:12:02.690+08:00'}, NCoupon{id=16, code='2015010051345821', status='UNUSED', createdTime='2015-09-12T10:12:02.690+08:00', modifedTime='2015-09-12T10:12:02.690+08:00'}, NCoupon{id=17, code='2015010051398321', status='UNUSED', createdTime='2015-09-12T10:12:02.690+08:00', modifedTime='2015-09-12T10:12:02.690+08:00'}, NCoupon{id=18, code='2015010051640461', status='UNUSED', createdTime='2015-09-12T10:12:02.690+08:00', modifedTime='2015-09-12T10:12:02.690+08:00'}, NCoupon{id=19, code='2015010051769691', status='UNUSED', createdTime='2015-09-12T10:12:02.690+08:00', modifedTime='2015-09-12T10:12:02.690+08:00'}, NCoupon{id=20, code='2015010051814051', status='UNUSED', createdTime='2015-09-12T10:12:02.690+08:00', modifedTime='2015-09-12T10:12:02.690+08:00'}],{X-Total-Count=[100], Link=[</api/nCoupons?page=2&per_page=20>; rel="next",</api/nCoupons?page=5&per_page=20>; rel="last",</api/nCoupons?page=1&per_page=20>; rel="first"]}>
2015-09-12 10:12:03,260 DEBUG [http-nio-8080-exec-6] UserDetailsService: Authenticating admin
2015-09-12 10:12:03,266 DEBUG [http-nio-8080-exec-6] LoggingAspect: Enter: com.irengine.sandbox.web.rest.NCouponResource.query() with argument[s] = [{cacheBuster=1442023923254, filter={}, page=1, per_page=20}]
2015-09-12 10:12:03,266 DEBUG [http-nio-8080-exec-6] NCouponResource: request with pagination
2015-09-12 10:12:03,268 DEBUG [http-nio-8080-exec-6] NCouponResource: {}
2015-09-12 10:12:03,269 DEBUG [http-nio-8080-exec-6] NCouponResource: request with filtering
2015-09-12 10:12:03,290 DEBUG [http-nio-8080-exec-6] LoggingAspect: Exit: com.irengine.sandbox.web.rest.NCouponResource.query() with result = <200 OK,Page 0 of 5 containing com.irengine.sandbox.domain.NCoupon instances,{}>
